
info [Tue Jun 12 2018 22:43:17 GMT+0300 (EEST)]  ------------------------------
info [Tue Jun 12 2018 22:43:17 GMT+0300 (EEST)]  START

info [Tue Jun 12 2018 22:46:38 GMT+0300 (EEST)]  ------------------------------
info [Tue Jun 12 2018 22:46:38 GMT+0300 (EEST)]  START

info [Tue Jun 12 2018 22:47:20 GMT+0300 (EEST)]  ------------------------------
info [Tue Jun 12 2018 22:47:20 GMT+0300 (EEST)]  START

info [Tue Jun 12 2018 23:02:33 GMT+0300 (EEST)]  ------------------------------
info [Tue Jun 12 2018 23:02:33 GMT+0300 (EEST)]  START
fatal [Tue Jun 12 2018 23:02:37 GMT+0300 (EEST)]  [AMQP-conn] Error: connect EHOSTUNREACH 172.19.0.200:5672

info [Tue Jun 12 2018 23:10:04 GMT+0300 (EEST)]  ------------------------------
info [Tue Jun 12 2018 23:10:04 GMT+0300 (EEST)]  START
fatal [Tue Jun 12 2018 23:10:07 GMT+0300 (EEST)]  [AMQP-conn] Error: connect EHOSTUNREACH 172.19.0.200:5672

info [Tue Jun 12 2018 23:10:28 GMT+0300 (EEST)]  ------------------------------
info [Tue Jun 12 2018 23:10:28 GMT+0300 (EEST)]  START
fatal [Tue Jun 12 2018 23:10:31 GMT+0300 (EEST)]  [AMQP-conn] Error: connect EHOSTUNREACH 172.19.0.200:5672

info [Tue Jun 12 2018 23:13:51 GMT+0300 (EEST)]  ------------------------------
info [Tue Jun 12 2018 23:13:51 GMT+0300 (EEST)]  START
info [Tue Jun 12 2018 23:13:51 GMT+0300 (EEST)]  [AMQP-conn] connected
info [Tue Jun 12 2018 23:13:51 GMT+0300 (EEST)]  [AMQP-chan] created
warn [Tue Jun 12 2018 23:16:58 GMT+0300 (EEST)]  SIGINT

info [Tue Jun 12 2018 23:16:59 GMT+0300 (EEST)]  ------------------------------
info [Tue Jun 12 2018 23:16:59 GMT+0300 (EEST)]  START
info [Tue Jun 12 2018 23:16:59 GMT+0300 (EEST)]  [AMQP-conn] connected
info [Tue Jun 12 2018 23:16:59 GMT+0300 (EEST)]  [AMQP-chan] created
warn [Tue Jun 12 2018 23:17:24 GMT+0300 (EEST)]  SIGINT

info [Tue Jun 12 2018 23:22:36 GMT+0300 (EEST)]  ------------------------------
info [Tue Jun 12 2018 23:22:36 GMT+0300 (EEST)]  START
info [Tue Jun 12 2018 23:22:36 GMT+0300 (EEST)]  [AMQP-conn] connected
info [Tue Jun 12 2018 23:22:36 GMT+0300 (EEST)]  [AMQP-chan] created

info [Tue Jun 12 2018 23:23:21 GMT+0300 (EEST)]  ------------------------------
info [Tue Jun 12 2018 23:23:21 GMT+0300 (EEST)]  START
info [Tue Jun 12 2018 23:23:21 GMT+0300 (EEST)]  [AMQP-conn] connected
info [Tue Jun 12 2018 23:23:21 GMT+0300 (EEST)]  [AMQP-chan] created

info [Tue Jun 12 2018 23:24:57 GMT+0300 (EEST)]  ------------------------------
info [Tue Jun 12 2018 23:24:57 GMT+0300 (EEST)]  START
info [Tue Jun 12 2018 23:24:57 GMT+0300 (EEST)]  [AMQP-conn] connected
info [Tue Jun 12 2018 23:24:57 GMT+0300 (EEST)]  [AMQP-chan] created

info [Tue Jun 12 2018 23:26:55 GMT+0300 (EEST)]  ------------------------------
info [Tue Jun 12 2018 23:26:55 GMT+0300 (EEST)]  START
info [Tue Jun 12 2018 23:26:55 GMT+0300 (EEST)]  [AMQP-conn] connected
info [Tue Jun 12 2018 23:26:55 GMT+0300 (EEST)]  [AMQP-chan] created

info [Tue Jun 12 2018 23:29:11 GMT+0300 (EEST)]  ------------------------------
info [Tue Jun 12 2018 23:29:11 GMT+0300 (EEST)]  START
info [Tue Jun 12 2018 23:29:14 GMT+0300 (EEST)]  [AMQP-conn] connected
info [Tue Jun 12 2018 23:29:14 GMT+0300 (EEST)]  [AMQP-chan] created

info [Tue Jun 12 2018 23:30:45 GMT+0300 (EEST)]  ------------------------------
info [Tue Jun 12 2018 23:30:45 GMT+0300 (EEST)]  START
info [Tue Jun 12 2018 23:30:55 GMT+0300 (EEST)]  [AMQP-conn] connected
info [Tue Jun 12 2018 23:30:55 GMT+0300 (EEST)]  [AMQP-chan] created


info [Tue Jun 12 2018 23:44:13 GMT+0300 (EEST)]  ------------------------------
info [Tue Jun 12 2018 23:44:13 GMT+0300 (EEST)]  START


info [Tue Jun 12 2018 23:44:35 GMT+0300 (EEST)]  ------------------------------
info [Tue Jun 12 2018 23:44:35 GMT+0300 (EEST)]  START


info [Tue Jun 12 2018 23:45:10 GMT+0300 (EEST)]  ------------------------------
info [Tue Jun 12 2018 23:45:10 GMT+0300 (EEST)]  START
info [Tue Jun 12 2018 23:45:19 GMT+0300 (EEST)]  [AMQP-conn] connected
info [Tue Jun 12 2018 23:45:19 GMT+0300 (EEST)]  [AMQP-chan] created


info [Tue Jun 12 2018 23:46:03 GMT+0300 (EEST)]  ------------------------------
info [Tue Jun 12 2018 23:46:03 GMT+0300 (EEST)]  START


info [Tue Jun 12 2018 23:46:39 GMT+0300 (EEST)]  ------------------------------
info [Tue Jun 12 2018 23:46:39 GMT+0300 (EEST)]  START
info [Tue Jun 12 2018 23:46:41 GMT+0300 (EEST)]  [AMQP-conn] connected
info [Tue Jun 12 2018 23:46:41 GMT+0300 (EEST)]  [AMQP-chan] created


info [Tue Jun 12 2018 23:48:01 GMT+0300 (EEST)]  ------------------------------
info [Tue Jun 12 2018 23:48:01 GMT+0300 (EEST)]  START
info [Tue Jun 12 2018 23:48:04 GMT+0300 (EEST)]  [AMQP-conn] connected
info [Tue Jun 12 2018 23:48:04 GMT+0300 (EEST)]  [AMQP-chan] created

info [Tue Jun 12 2018 23:51:09 GMT+0300 (EEST)]  ------------------------------
info [Tue Jun 12 2018 23:51:09 GMT+0300 (EEST)]  START
info [Tue Jun 12 2018 23:51:13 GMT+0300 (EEST)]  [AMQP-conn] connected
info [Tue Jun 12 2018 23:51:13 GMT+0300 (EEST)]  [AMQP-chan] created

info [Tue Jun 12 2018 23:53:35 GMT+0300 (EEST)]  ------------------------------
info [Tue Jun 12 2018 23:53:35 GMT+0300 (EEST)]  START
info [Tue Jun 12 2018 23:53:35 GMT+0300 (EEST)]  [AMQP-conn] connected
info [Tue Jun 12 2018 23:53:35 GMT+0300 (EEST)]  [AMQP-chan] created

info [Tue Jun 12 2018 23:54:34 GMT+0300 (EEST)]  ------------------------------
info [Tue Jun 12 2018 23:54:34 GMT+0300 (EEST)]  START
info [Tue Jun 12 2018 23:54:34 GMT+0300 (EEST)]  [AMQP-conn] connected
info [Tue Jun 12 2018 23:54:34 GMT+0300 (EEST)]  [AMQP-chan] created

info [Tue Jun 12 2018 23:59:25 GMT+0300 (EEST)]  ------------------------------
info [Tue Jun 12 2018 23:59:25 GMT+0300 (EEST)]  START
info [Tue Jun 12 2018 23:59:25 GMT+0300 (EEST)]  [AMQP-conn] connected
info [Tue Jun 12 2018 23:59:25 GMT+0300 (EEST)]  [AMQP-chan] created

info [Tue Jun 12 2018 23:59:47 GMT+0300 (EEST)]  ------------------------------
info [Tue Jun 12 2018 23:59:47 GMT+0300 (EEST)]  START
info [Tue Jun 12 2018 23:59:47 GMT+0300 (EEST)]  [AMQP-conn] connected
info [Tue Jun 12 2018 23:59:47 GMT+0300 (EEST)]  [AMQP-chan] created

info [Wed Jun 13 2018 00:00:35 GMT+0300 (EEST)]  ------------------------------
info [Wed Jun 13 2018 00:00:35 GMT+0300 (EEST)]  START
info [Wed Jun 13 2018 00:00:35 GMT+0300 (EEST)]  [AMQP-conn] connected
info [Wed Jun 13 2018 00:00:35 GMT+0300 (EEST)]  [AMQP-chan] created

info [Wed Jun 13 2018 00:21:48 GMT+0300 (EEST)]  ------------------------------
info [Wed Jun 13 2018 00:21:48 GMT+0300 (EEST)]  START
info [Wed Jun 13 2018 00:21:48 GMT+0300 (EEST)]  [AMQP-conn] connected
info [Wed Jun 13 2018 00:21:48 GMT+0300 (EEST)]  [AMQP-chan] created

info [Wed Jun 13 2018 00:24:41 GMT+0300 (EEST)]  ------------------------------
info [Wed Jun 13 2018 00:24:41 GMT+0300 (EEST)]  START
info [Wed Jun 13 2018 00:24:41 GMT+0300 (EEST)]  [AMQP-conn] connected
info [Wed Jun 13 2018 00:24:41 GMT+0300 (EEST)]  [AMQP-chan] created

info [Wed Jun 13 2018 00:26:14 GMT+0300 (EEST)]  ------------------------------
info [Wed Jun 13 2018 00:26:14 GMT+0300 (EEST)]  START
info [Wed Jun 13 2018 00:26:14 GMT+0300 (EEST)]  [AMQP-conn] connected
info [Wed Jun 13 2018 00:26:14 GMT+0300 (EEST)]  [AMQP-chan] created
